<?xml version="1.0" encoding="UTF-8" ?>
<testsuite tests="64" failures="2" name="testRunner.TestRunner" time="0.025" errors="0" skipped="0">
  <properties>
[...]
</properties>
  <testcase classname="Scenario: Return the satellite information as default unit." name="Given a base uri" time="0.002"/>
  <testcase classname="Scenario: Return the satellite information as default unit." name="When a get request is sent to the API with following parameters" time="0"/>
  <testcase classname="Scenario: Return the satellite information as default unit." name="Then API returns a response with response code 200" time="0"/>
  <testcase classname="Scenario: Return the satellite information as default unit." name="And response content-type is &apos;application/json&apos;" time="0"/>
  <testcase classname="Scenario: Return the satellite information as default unit." name="And response array contains object with following values" time="0"/>
  <testcase classname="Scenario: Return the satellite information as default unit." name="Scenario: Return the satellite information as default unit." time="0.001"/>
  <testcase classname="Scenario: Return the satellite data when the requested unit is kilometers." name="When a get request is sent to the API with the requested unit is kilometers" time="0"/>
  <testcase classname="Scenario: Return the satellite data when the requested unit is kilometers." name="Then API returns a HTTP response with response code 200" time="0"/>
  <testcase classname="Scenario: Return the satellite data when the requested unit is kilometers." name="And response content-type is listed as &apos;application/json&apos;" time="0"/>
  <testcase classname="Scenario: Return the satellite data when the requested unit is kilometers." name="And response array contains satellite details" time="0"/>
  <testcase classname="Scenario: Return the satellite data when the requested unit is kilometers." name="Scenario: Return the satellite data when the requested unit is kilometers." time="0.001"/>
  <testcase classname="Scenario: Return the satellite data when the requested unit is miles." name="When a get request is sent to the API with the requested unit is miles" time="0"/>
  <testcase classname="Scenario: Return the satellite data when the requested unit is miles." name="Then API returns response with response code 200" time="0"/>
  <testcase classname="Scenario: Return the satellite data when the requested unit is miles." name="And response has content-type as &apos;application/json&apos;" time="0"/>
  <testcase classname="Scenario: Return the satellite data when the requested unit is miles." name="And response array contains detailed satellite information" time="0"/>
  <testcase classname="Scenario: Return the satellite data when the requested unit is miles." name="Scenario: Return the satellite data when the requested unit is miles." time="0.001"/>
  <testcase classname="Scenario: Return the satellite data for multiple timestamps." name="When a get request is sent to the API with multiple timestamps" time="0"/>
  <testcase classname="Scenario: Return the satellite data for multiple timestamps." name="Then API returns response 200" time="0"/>
  <testcase classname="Scenario: Return the satellite data for multiple timestamps." name="And response has content-type &apos;application/json&apos;" time="0"/>
  <testcase classname="Scenario: Return the satellite data for multiple timestamps." name="And response array contains satellite information for two timestamps" time="0"/>
  <testcase classname="Scenario: Return the satellite data for multiple timestamps." name="Scenario: Return the satellite data for multiple timestamps." time="0.001"/>
  <testcase classname="Scenario: Return HTTP error 400 if timestamp is not found." name="When a get request is sent to the API with invalid timestamps" time="0"/>
  <testcase classname="Scenario: Return HTTP error 400 if timestamp is not found." name="Then API returns HTTP response code 400" time="0"/>
  <testcase classname="Scenario: Return HTTP error 400 if timestamp is not found." name="Scenario: Return HTTP error 400 if timestamp is not found." time="0"/>
  <testcase classname="Scenario: Return HTTP error 404 if id is not found." name="When a get request is sent to the API with invalid id" time="0"/>
  <testcase classname="Scenario: Return HTTP error 404 if id is not found." name="Then API returns HTTP error code 404" time="0"/>
  <testcase classname="Scenario: Return HTTP error 404 if id is not found." name="Scenario: Return HTTP error 404 if id is not found." time="0.001"/>
  <testcase classname="Scenario: Return the satellite information as default unit when invalid unit is provided." name="When a get request is sent to the API with invalid unit" time="0"/>
  <testcase classname="Scenario: Return the satellite information as default unit when invalid unit is provided." name="Then API returns a response code 200" time="0"/>
  <testcase classname="Scenario: Return the satellite information as default unit when invalid unit is provided." name="And response array contains object with units kilometers" time="0"/>
  <testcase classname="Scenario: Return the satellite information as default unit when invalid unit is provided." name="Scenario: Return the satellite information as default unit when invalid unit is provided." time="0.001"/>
  <testcase classname="Scenario: JSON response schema validation" name="When a get request with valid parameters" time="0"/>
  <testcase classname="Scenario: JSON response schema validation" name="Then API returns valid json" time="0"/>
  <testcase classname="Scenario: JSON response schema validation" name="Scenario: JSON response schema validation" time="0"/>
  <testcase classname="Scenario: Return the satellite data for more than ten timestamps" name="When a get request is sent to the API with more than ten timestamps" time="0"/>
  <testcase classname="Scenario: Return the satellite data for more than ten timestamps" name="And response has error if parameter count is more than maximum length defined" time="0.005">
    <failure message="The timestamps inputs more than 10 are not allowed" type="java.lang.AssertionError">java.lang.AssertionError: The timestamps inputs more than 10 are not allowed
	at org.junit.Assert.fail(Assert.java:88)
	at org.junit.Assert.assertTrue(Assert.java:41)
	at stepDefination.Position.test_028_http_response_has_error(Position.java:363)
	at ✽.And response has error if parameter count is more than maximum length defined(positions.feature:102)
</failure>
  </testcase>
  <testcase classname="Scenario: Return the satellite data for more than ten timestamps" name="Scenario: Return the satellite data for more than ten timestamps" time="0.006">
    <failure message="The timestamps inputs more than 10 are not allowed" type="java.lang.AssertionError">java.lang.AssertionError: The timestamps inputs more than 10 are not allowed
	at org.junit.Assert.fail(Assert.java:88)
	at org.junit.Assert.assertTrue(Assert.java:41)
	at stepDefination.Position.test_028_http_response_has_error(Position.java:363)
	at ✽.And response has error if parameter count is more than maximum length defined(positions.feature:102)
</failure>
  </testcase>
  <testcase classname="Scenario: Return the TLE data in default format" name="Given a base uri to execute request" time="0"/>
  <testcase classname="Scenario: Return the TLE data in default format" name="When a get request is sent to the API with id &quot;25544&quot;" time="0"/>
  <testcase classname="Scenario: Return the TLE data in default format" name="Then HTTP return code is &quot;200&quot;" time="0"/>
  <testcase classname="Scenario: Return the TLE data in default format" name="And response content-type is &quot;application/json&quot;" time="0"/>
  <testcase classname="Scenario: Return the TLE data in default format" name="And response contains following fields" time="0"/>
  <testcase classname="Scenario: Return the TLE data in default format" name="Scenario: Return the TLE data in default format" time="0.001"/>
  <testcase classname="Scenario: Return the TLE data in JSON format when JSON format is requested" name="When a get request is sent to the API with id &quot;25544&quot; and format &quot;json&quot;" time="0"/>
  <testcase classname="Scenario: Return the TLE data in JSON format when JSON format is requested" name="Then HTTP success status response code is &quot;200&quot;" time="0"/>
  <testcase classname="Scenario: Return the TLE data in JSON format when JSON format is requested" name="And the content-type is &quot;application/json&quot;" time="0"/>
  <testcase classname="Scenario: Return the TLE data in JSON format when JSON format is requested" name="And response contains following fields as output" time="0"/>
  <testcase classname="Scenario: Return the TLE data in JSON format when JSON format is requested" name="Scenario: Return the TLE data in JSON format when JSON format is requested" time="0"/>
  <testcase classname="Scenario: Return the TLE data in text format when text format is requested" name="When a get request is sent to the API with id &quot;25544&quot; and text format &quot;text&quot;" time="0"/>
  <testcase classname="Scenario: Return the TLE data in text format when text format is requested" name="Then HTTP response code returned is &quot;200&quot;" time="0"/>
  <testcase classname="Scenario: Return the TLE data in text format when text format is requested" name="And response content-type text is &quot;text/plain&quot;" time="0"/>
  <testcase classname="Scenario: Return the TLE data in text format when text format is requested" name="And response contains following output data" time="0"/>
  <testcase classname="Scenario: Return the TLE data in text format when text format is requested" name="Scenario: Return the TLE data in text format when text format is requested" time="0"/>
  <testcase classname="Scenario: Return the TLE data in default format when format provided is invalid" name="When a get request is sent to the API with invalid id &quot;25544&quot; and format &quot;invalid&quot;" time="0.001"/>
  <testcase classname="Scenario: Return the TLE data in default format when format provided is invalid" name="Then HTTP success status response code returned &quot;200&quot;" time="0"/>
  <testcase classname="Scenario: Return the TLE data in default format when format provided is invalid" name="And the content-type returned is &quot;application/json&quot;" time="0.001"/>
  <testcase classname="Scenario: Return the TLE data in default format when format provided is invalid" name="And response has following output fields" time="0.001"/>
  <testcase classname="Scenario: Return the TLE data in default format when format provided is invalid" name="Scenario: Return the TLE data in default format when format provided is invalid" time="0.001"/>
  <testcase classname="Scenario: Return HTTP error 404 if id is not found." name="When a get request is sent to the API with incorrect or invalid id &quot;87893&quot;" time="0"/>
  <testcase classname="Scenario: Return HTTP error 404 if id is not found." name="Then HTTP error code is reported &quot;404&quot;" time="0"/>
  <testcase classname="Scenario: Return HTTP error 404 if id is not found." name="Scenario: Return HTTP error 404 if id is not found." time="0"/>
  <testcase classname="Scenario: JSON response schema validation" name="When a valid get request is sent to the API with id &quot;25544&quot; and format &quot;json&quot;" time="0"/>
  <testcase classname="Scenario: JSON response schema validation" name="Then API returns valid json file" time="0"/>
  <testcase classname="Scenario: JSON response schema validation" name="Scenario: JSON response schema validation" time="0.001"/>
</testsuite>